nohup: ignoring input
Running from: /home/ubuntu/expense-tracker/backend/jenkins.war
webroot: /home/ubuntu/.jenkins/war
2026-04-08 09:59:37.840+0000 [id=1]	INFO	winstone.Logger#logInternal: Beginning extraction from war file
2026-04-08 09:59:37.947+0000 [id=1]	WARNING	o.e.j.ee9.nested.ContextHandler#setContextPath: Empty contextPath
2026-04-08 09:59:38.082+0000 [id=1]	INFO	org.eclipse.jetty.server.Server#doStart: jetty-12.1.5; built: 2025-12-03T22:18:24.732Z; git: 4905d09d7b6801e792d7b73946cf7b66e4be25d6; jvm 17.0.18+8-Ubuntu-124.04.1
2026-04-08 09:59:39.199+0000 [id=1]	INFO	o.e.j.e.w.StandardDescriptorProcessor#visitServlet: NO JSP Support for /, did not find org.eclipse.jetty.ee9.jsp.JettyJspServlet
2026-04-08 09:59:39.308+0000 [id=1]	INFO	o.e.j.s.DefaultSessionIdManager#doStart: Session workerName=node0
2026-04-08 09:59:40.149+0000 [id=1]	INFO	hudson.WebAppMain#contextInitialized: Jenkins home directory: /home/ubuntu/.jenkins found at: $user.home/.jenkins
2026-04-08 09:59:40.413+0000 [id=1]	INFO	o.e.j.s.handler.ContextHandler#doStart: Started oeje9n.ContextHandler$CoreContextHandler@3a7704c{Jenkins v2.541.3,/,b=file:///home/ubuntu/.jenkins/war/,a=AVAILABLE,h=oeje9n.ContextHandler$CoreContextHandler$CoreToNestedHandler@6754ef00{STARTED}}
2026-04-08 09:59:40.435+0000 [id=1]	INFO	o.e.j.server.AbstractConnector#doStart: Started oejs.ServerConnector@77b325b3{HTTP/1.1, (http/1.1)}{0.0.0.0:8080}
2026-04-08 09:59:40.439+0000 [id=1]	INFO	org.eclipse.jetty.server.Server#doStart: Started oejs.Server@271f18d3{STARTING}[12.1.5,sto=0] @2363ms
2026-04-08 09:59:40.440+0000 [id=24]	INFO	winstone.Logger#logInternal: Winstone Servlet Engine running: controlPort=disabled
2026-04-08 09:59:40.744+0000 [id=23]	INFO	jenkins.model.Jenkins#<init>: Starting version 2.541.3
2026-04-08 09:59:40.940+0000 [id=30]	INFO	jenkins.InitReactorRunner$1#onAttained: Started initialization
2026-04-08 09:59:41.535+0000 [id=30]	INFO	jenkins.InitReactorRunner$1#onAttained: Listed all plugins
2026-04-08 09:59:47.888+0000 [id=31]	INFO	jenkins.InitReactorRunner$1#onAttained: Prepared all plugins
2026-04-08 09:59:47.943+0000 [id=32]	INFO	jenkins.InitReactorRunner$1#onAttained: Started all plugins
2026-04-08 09:59:47.950+0000 [id=29]	INFO	jenkins.InitReactorRunner$1#onAttained: Augmented all extensions
2026-04-08 09:59:49.327+0000 [id=32]	INFO	h.p.b.g.GlobalTimeOutConfiguration#load: global timeout not set
2026-04-08 09:59:50.264+0000 [id=29]	INFO	jenkins.InitReactorRunner$1#onAttained: System config loaded
2026-04-08 09:59:50.265+0000 [id=31]	INFO	jenkins.InitReactorRunner$1#onAttained: System config adapted
2026-04-08 09:59:50.680+0000 [id=30]	INFO	jenkins.InitReactorRunner$1#onAttained: Loaded all jobs
2026-04-08 09:59:50.694+0000 [id=32]	INFO	jenkins.InitReactorRunner$1#onAttained: Configuration for all jobs updated
2026-04-08 09:59:50.796+0000 [id=31]	INFO	jenkins.InitReactorRunner$1#onAttained: Completed initialization
2026-04-08 09:59:50.844+0000 [id=23]	INFO	hudson.lifecycle.Lifecycle#onReady: Jenkins is fully up and running
2026-04-08 10:37:15.797+0000 [id=226]	WARNING	o.j.p.w.f.FlowExecutionList$DefaultStorage#unregister: expense-project#1 was not in the list to begin with: []
